\BOOKMARK [0][-]{chapter.1}{Introduction}{}% 1
\BOOKMARK [0][-]{chapter.2}{Literature Review}{}% 2
\BOOKMARK [0][-]{chapter.3}{Aims and Objectives}{}% 3
\BOOKMARK [0][-]{chapter.4}{Research Methodology}{}% 4
\BOOKMARK [1][-]{section.4.1}{Positivism and Simulation}{chapter.4}% 5
\BOOKMARK [1][-]{section.4.2}{Equipment}{chapter.4}% 6
\BOOKMARK [0][-]{chapter.5}{Simple and Effective Control}{}% 7
\BOOKMARK [1][-]{section.5.1}{Simplifying assumptions}{chapter.5}% 8
\BOOKMARK [1][-]{section.5.2}{Internal Model Control}{chapter.5}% 9
\BOOKMARK [1][-]{section.5.3}{Inverting the state-space model}{chapter.5}% 10
\BOOKMARK [1][-]{section.5.4}{Adaptive law}{chapter.5}% 11
\BOOKMARK [1][-]{section.5.5}{Filtering Wave Excitation Force}{chapter.5}% 12
\BOOKMARK [1][-]{section.5.6}{Constraints Handling}{chapter.5}% 13
\BOOKMARK [1][-]{section.5.7}{Integral feedback}{chapter.5}% 14
\BOOKMARK [0][-]{chapter.6}{Results}{}% 15
\BOOKMARK [1][-]{section.6.1}{Tracking Performance}{chapter.6}% 16
\BOOKMARK [1][-]{section.6.2}{Power output using State-Space model}{chapter.6}% 17
\BOOKMARK [1][-]{section.6.3}{Power output of wecSim model}{chapter.6}% 18
\BOOKMARK [0][-]{chapter.7}{Discussion}{}% 19
\BOOKMARK [1][-]{section.7.1}{Suitability for review}{chapter.7}% 20
\BOOKMARK [1][-]{section.7.2}{Difficulties with the WecSim environment}{chapter.7}% 21
\BOOKMARK [1][-]{section.7.3}{Existence of the drift problem}{chapter.7}% 22
\BOOKMARK [1][-]{section.7.4}{Correcting Drift}{chapter.7}% 23
\BOOKMARK [1][-]{section.7.5}{Power Generation}{chapter.7}% 24
\BOOKMARK [0][-]{chapter.8}{Conclusions}{}% 25
\BOOKMARK [1][-]{section.8.1}{Future Work}{chapter.8}% 26
